0 info it worked if it ends with ok
1 verbose cli [ 'c:\\Program Files (x86)\\nodejs\\node.exe',
1 verbose cli   'c:\\Program Files (x86)\\nodejs\\node_modules\\npm\\bin\\npm-cli.js',
1 verbose cli   'start' ]
2 info using npm@2.5.1
3 info using node@v0.12.1
4 verbose run-script [ 'prestart', 'start', 'poststart' ]
5 info prestart proqKPI@1.0.0
6 info start proqKPI@1.0.0
7 verbose unsafe-perm in lifecycle true
8 info proqKPI@1.0.0 Failed to exec start script
9 verbose stack Error: proqKPI@1.0.0 start: `node index.js`
9 verbose stack Exit status 1
9 verbose stack     at EventEmitter.<anonymous> (c:\Program Files (x86)\nodejs\node_modules\npm\lib\utils\lifecycle.js:213:16)
9 verbose stack     at EventEmitter.emit (events.js:110:17)
9 verbose stack     at ChildProcess.<anonymous> (c:\Program Files (x86)\nodejs\node_modules\npm\lib\utils\spawn.js:14:12)
9 verbose stack     at ChildProcess.emit (events.js:110:17)
9 verbose stack     at maybeClose (child_process.js:1008:16)
9 verbose stack     at Process.ChildProcess._handle.onexit (child_process.js:1080:5)
10 verbose pkgid proqKPI@1.0.0
11 verbose cwd c:\Users\Dustin\Dropbox\Side Projects\proqKPI
12 error Windows_NT 6.3.9600
13 error argv "c:\\Program Files (x86)\\nodejs\\node.exe" "c:\\Program Files (x86)\\nodejs\\node_modules\\npm\\bin\\npm-cli.js" "start"
14 error node v0.12.1
15 error npm  v2.5.1
16 error code ELIFECYCLE
17 error proqKPI@1.0.0 start: `node index.js`
17 error Exit status 1
18 error Failed at the proqKPI@1.0.0 start script 'node index.js'.
18 error This is most likely a problem with the proqKPI package,
18 error not with npm itself.
18 error Tell the author that this fails on your system:
18 error     node index.js
18 error You can get their info via:
18 error     npm owner ls proqKPI
18 error There is likely additional logging output above.
19 verbose exit [ 1, true ]
